<?xml version="1.0" encoding="UTF-8"?>
<testsuite name="VirtualMemoryTest" tests="3" skipped="0" failures="0" errors="0" timestamp="2020-09-27T20:40:37" hostname="DESKTOP-TUE115E" time="0.002">
  <properties/>
  <testcase name="countSubstitutionsALLELEMENTSARENOTNULL()" classname="VirtualMemoryTest" time="0.001"/>
  <testcase name="countSubstitutionsALLELEMENTSARENULL()" classname="VirtualMemoryTest" time="0.0"/>
  <testcase name="countSubstitutionsOnlyFewNulls()" classname="VirtualMemoryTest" time="0.0"/>
  <system-out><![CDATA[]]></system-out>
  <system-err><![CDATA[]]></system-err>
</testsuite>
