<?xml version="1.0" encoding="UTF-8"?>
<testsuite name="FIFOKtTest" tests="3" skipped="0" failures="0" errors="0" timestamp="2020-10-12T18:04:34" hostname="DESKTOP-TUE115E" time="0.028">
  <properties/>
  <testcase name="findIndexOfEmptyFrameINTHEMIDDLE()" classname="FIFOKtTest" time="0.026"/>
  <testcase name="findIndexOfEmptyFrameALLFRAMESAREWITHPAGES()" classname="FIFOKtTest" time="0.0"/>
  <testcase name="findIndexOfEmptyFrameBEGINNINGOFALGO()" classname="FIFOKtTest" time="0.0"/>
  <system-out><![CDATA[]]></system-out>
  <system-err><![CDATA[]]></system-err>
</testsuite>
