<?xml version="1.0" encoding="UTF-8"?>
<testsuite name="FIFOKtTest" tests="6" skipped="0" failures="0" errors="0" timestamp="2020-10-10T10:24:53" hostname="DESKTOP-TUE115E" time="0.047">
  <properties/>
  <testcase name="executeFIFOONTEST2Sample1()" classname="FIFOKtTest" time="0.041"/>
  <testcase name="executeFIFOONTEST2Sample3()" classname="FIFOKtTest" time="0.002"/>
  <testcase name="findIndexOfEmptyFrameINTHEMIDDLE()" classname="FIFOKtTest" time="0.001"/>
  <testcase name="findIndexOfEmptyFrameALLFRAMESAREWITHPAGES()" classname="FIFOKtTest" time="0.0"/>
  <testcase name="findIndexOfEmptyFrameBEGINNINGOFALGO()" classname="FIFOKtTest" time="0.0"/>
  <testcase name="executeFIFOONTEST1Sample1()" classname="FIFOKtTest" time="0.001"/>
  <system-out><![CDATA[]]></system-out>
  <system-err><![CDATA[]]></system-err>
</testsuite>
