<?xml version="1.0" encoding="UTF-8"?>
<testsuite name="AlgorithmExecutionKtTest" tests="9" skipped="0" failures="0" errors="0" timestamp="2020-10-24T12:14:02" hostname="kira-Vostro-5568" time="0.068">
  <properties/>
  <testcase name="executeFIFOONTEST2Sample1()" classname="AlgorithmExecutionKtTest" time="0.044"/>
  <testcase name="executeFIFOONTEST2Sample3()" classname="AlgorithmExecutionKtTest" time="0.002"/>
  <testcase name="executeOPTONTEST2Sample1()" classname="AlgorithmExecutionKtTest" time="0.002"/>
  <testcase name="executeOPTONTEST2Sample3()" classname="AlgorithmExecutionKtTest" time="0.002"/>
  <testcase name="executeLRUONTEST2Sample1()" classname="AlgorithmExecutionKtTest" time="0.006"/>
  <testcase name="executeLRUONTEST2Sample3()" classname="AlgorithmExecutionKtTest" time="0.002"/>
  <testcase name="executeFIFOONTEST1Sample1()" classname="AlgorithmExecutionKtTest" time="0.001"/>
  <testcase name="executeOPTONTEST1Sample1()" classname="AlgorithmExecutionKtTest" time="0.001"/>
  <testcase name="executeLRUONTEST1Sample1()" classname="AlgorithmExecutionKtTest" time="0.002"/>
  <system-out><![CDATA[]]></system-out>
  <system-err><![CDATA[]]></system-err>
</testsuite>
