<?xml version="1.0" encoding="UTF-8"?>
<testsuite name="LRUKtTest" tests="6" skipped="0" failures="0" errors="0" timestamp="2020-09-27T20:40:37" hostname="DESKTOP-TUE115E" time="0.006">
  <properties/>
  <testcase name="executeLRUONTEST2Sample1()" classname="LRUKtTest" time="0.001"/>
  <testcase name="executeLRUONTEST2Sample3()" classname="LRUKtTest" time="0.001"/>
  <testcase name="findLRUFrameFindLast()" classname="LRUKtTest" time="0.0"/>
  <testcase name="findLRUFrameFindInMiddle()" classname="LRUKtTest" time="0.0"/>
  <testcase name="executeLRUONTEST1Sample1()" classname="LRUKtTest" time="0.001"/>
  <testcase name="findLRUFrameFindFirst()" classname="LRUKtTest" time="0.001"/>
  <system-out><![CDATA[]]></system-out>
  <system-err><![CDATA[]]></system-err>
</testsuite>
