<?xml version="1.0" encoding="UTF-8"?>
<testsuite name="сomponents.OutputComponentKtTest" tests="2" skipped="0" failures="0" errors="0" timestamp="2020-10-10T10:24:53" hostname="DESKTOP-TUE115E" time="0.003">
  <properties/>
  <testcase name="createPathToOutputFileAbsolute()" classname="сomponents.OutputComponentKtTest" time="0.002"/>
  <testcase name="createPathToOutputFileRelative()" classname="сomponents.OutputComponentKtTest" time="0.0"/>
  <system-out><![CDATA[]]></system-out>
  <system-err><![CDATA[]]></system-err>
</testsuite>
