<?xml version="1.0" encoding="UTF-8"?>
<testsuite name="VirtualMemoryTest" tests="3" skipped="0" failures="0" errors="0" timestamp="2020-10-24T12:14:02" hostname="kira-Vostro-5568" time="0.003">
  <properties/>
  <testcase name="countSubstitutionsALLELEMENTSARENOTNULL()" classname="VirtualMemoryTest" time="0.001"/>
  <testcase name="countSubstitutionsALLELEMENTSARENULL()" classname="VirtualMemoryTest" time="0.0"/>
  <testcase name="countSubstitutionsOnlyFewNulls()" classname="VirtualMemoryTest" time="0.0"/>
  <system-out><![CDATA[]]></system-out>
  <system-err><![CDATA[]]></system-err>
</testsuite>
