<?xml version="1.0" encoding="UTF-8"?>
<testsuite name="сomponents.InputComponentKtTest" tests="5" skipped="0" failures="0" errors="0" timestamp="2020-10-12T18:04:34" hostname="DESKTOP-TUE115E" time="0.027">
  <properties/>
  <testcase name="readInputFileTestManySamples()" classname="сomponents.InputComponentKtTest" time="0.022"/>
  <testcase name="readInputFileTestOneSample()" classname="сomponents.InputComponentKtTest" time="0.002"/>
  <testcase name="checkIfStringIsNumber0()" classname="сomponents.InputComponentKtTest" time="0.0"/>
  <testcase name="checkIfStringIsNumber12123()" classname="сomponents.InputComponentKtTest" time="0.0"/>
  <testcase name="checkIfStringIsNumberWrong()" classname="сomponents.InputComponentKtTest" time="0.0"/>
  <system-out><![CDATA[]]></system-out>
  <system-err><![CDATA[]]></system-err>
</testsuite>
