<?xml version="1.0" encoding="UTF-8"?>
<testsuite name="сomponents.InputComponentKtTest" tests="5" skipped="0" failures="0" errors="0" timestamp="2020-10-24T12:14:02" hostname="kira-Vostro-5568" time="0.006">
  <properties/>
  <testcase name="readInputFileTestManySamples()" classname="сomponents.InputComponentKtTest" time="0.002"/>
  <testcase name="readInputFileTestOneSample()" classname="сomponents.InputComponentKtTest" time="0.001"/>
  <testcase name="checkIfStringIsNumber0()" classname="сomponents.InputComponentKtTest" time="0.0"/>
  <testcase name="checkIfStringIsNumber12123()" classname="сomponents.InputComponentKtTest" time="0.0"/>
  <testcase name="checkIfStringIsNumberWrong()" classname="сomponents.InputComponentKtTest" time="0.0"/>
  <system-out><![CDATA[]]></system-out>
  <system-err><![CDATA[]]></system-err>
</testsuite>
