<?xml version="1.0" encoding="UTF-8"?>
<testsuite name="OPTKtTest" tests="5" skipped="0" failures="0" errors="0" timestamp="2020-10-12T18:04:34" hostname="DESKTOP-TUE115E" time="0.004">
  <properties/>
  <testcase name="findNextAppealAppealInEnd()" classname="OPTKtTest" time="0.001"/>
  <testcase name="findOPTPageNoMoreAppeal()" classname="OPTKtTest" time="0.0"/>
  <testcase name="findNextAppealWillNotAppeal()" classname="OPTKtTest" time="0.001"/>
  <testcase name="findOPTPageElementWillAppearButNotNow()" classname="OPTKtTest" time="0.0"/>
  <testcase name="findNextAppealAppealNext()" classname="OPTKtTest" time="0.0"/>
  <system-out><![CDATA[]]></system-out>
  <system-err><![CDATA[]]></system-err>
</testsuite>
