<?xml version="1.0" encoding="UTF-8"?>
<testsuite name="AlgorithmExecutionKtTest" tests="1" skipped="0" failures="0" errors="0" timestamp="2020-10-24T13:03:45" hostname="kira-Vostro-5568" time="0.055">
  <properties/>
  <testcase name="executeOPTONTEST2Sample3()" classname="AlgorithmExecutionKtTest" time="0.055"/>
  <system-out><![CDATA[]]></system-out>
  <system-err><![CDATA[]]></system-err>
</testsuite>
