<?xml version="1.0" encoding="UTF-8"?>
<testsuite name="сomponents.OutputComponentKtTest" tests="3" skipped="0" failures="0" errors="0" timestamp="2020-10-11T16:40:05" hostname="kira-Vostro-5568" time="0.021">
  <properties/>
  <testcase name="createPathToOutputFileRelativeGenerated()" classname="сomponents.OutputComponentKtTest" time="0.016"/>
  <testcase name="createPathToOutputFileAbsolute()" classname="сomponents.OutputComponentKtTest" time="0.001"/>
  <testcase name="createPathToOutputFileRelative()" classname="сomponents.OutputComponentKtTest" time="0.001"/>
  <system-out><![CDATA[]]></system-out>
  <system-err><![CDATA[]]></system-err>
</testsuite>
