<?xml version="1.0" encoding="UTF-8"?>
<testsuite name="FIFOKtTest" tests="3" skipped="0" failures="0" errors="0" timestamp="2020-10-24T12:14:02" hostname="kira-Vostro-5568" time="0.004">
  <properties/>
  <testcase name="findIndexOfEmptyFrameINTHEMIDDLE()" classname="FIFOKtTest" time="0.001"/>
  <testcase name="findIndexOfEmptyFrameALLFRAMESAREWITHPAGES()" classname="FIFOKtTest" time="0.001"/>
  <testcase name="findIndexOfEmptyFrameBEGINNINGOFALGO()" classname="FIFOKtTest" time="0.0"/>
  <system-out><![CDATA[]]></system-out>
  <system-err><![CDATA[]]></system-err>
</testsuite>
